<?xml version="1.0" encoding="UTF-8"?>
<!-- Generated by org.testng.reporters.JUnitXMLReporter -->
<testsuite hostname="DESKTOP-857J0S0" ignored="0" name="Test" tests="1" failures="1" timestamp="2020-06-13T14:07:43 IST" time="0.064" errors="0">
  <testcase name="addSingleProjectTest" time="0.015" classname="com.rmgyantra.project.AddProject">
    <failure type="java.io.FileNotFoundException" message=".\resources\Addproject.json (The system cannot find the file specified)">
      <![CDATA[java.io.FileNotFoundException: .\resources\Addproject.json (The system cannot find the file specified)
at java.io.FileInputStream.open0(Native Method)
at java.io.FileInputStream.open(FileInputStream.java:195)
at java.io.FileInputStream.<init>(FileInputStream.java:138)
at com.rmgyantra.project.AddProject.addSingleProjectTest(AddProject.java:28)
at java.util.ArrayList.forEach(ArrayList.java:1257)
... Removed 27 stack frames]]>
    </failure>
  </testcase> <!-- addSingleProjectTest -->
</testsuite> <!-- Test -->
