<?xml version="1.0" encoding="UTF-8"?>
<testng-results skipped="0" failed="0" ignored="0" total="1" passed="1">
  <reporter-output>
  </reporter-output>
  <suite name="Default suite" duration-ms="8156" started-at="2020-05-21T19:52:00 IST" finished-at="2020-05-21T19:52:08 IST">
    <groups>
    </groups>
    <test name="Default test" duration-ms="8156" started-at="2020-05-21T19:52:00 IST" finished-at="2020-05-21T19:52:08 IST">
      <class name="com.api.tests.TC002_RegisterEmp_POST">
        <test-method status="PASS" signature="postData()[pri:0, instance:com.api.tests.TC002_RegisterEmp_POST@56aac163]" name="postData" is-config="true" duration-ms="2032" started-at="2020-05-21T19:52:00 IST" finished-at="2020-05-21T19:52:02 IST">
          <reporter-output>
          </reporter-output>
        </test-method> <!-- postData -->
        <test-method status="PASS" signature="post_userRequest()[pri:0, instance:com.api.tests.TC002_RegisterEmp_POST@56aac163]" name="post_userRequest" duration-ms="6062" started-at="2020-05-21T19:52:02 IST" finished-at="2020-05-21T19:52:08 IST">
          <reporter-output>
          </reporter-output>
        </test-method> <!-- post_userRequest -->
      </class> <!-- com.api.tests.TC002_RegisterEmp_POST -->
    </test> <!-- Default test -->
  </suite> <!-- Default suite -->
</testng-results>
