<?xml version="1.0" encoding="UTF-8"?>
<testng-results skipped="0" failed="0" ignored="0" total="2" passed="2">
  <reporter-output>
  </reporter-output>
  <suite name="Default suite" duration-ms="4395" started-at="2020-06-11T06:33:50 IST" finished-at="2020-06-11T06:33:55 IST">
    <groups>
    </groups>
    <test name="Default test" duration-ms="4395" started-at="2020-06-11T06:33:50 IST" finished-at="2020-06-11T06:33:55 IST">
      <class name="com.api.tests.ReqresApi_POST">
        <test-method status="PASS" signature="setUp()[pri:0, instance:com.api.tests.ReqresApi_POST@2833cc44]" name="setUp" is-config="true" duration-ms="464" started-at="2020-06-11T06:33:50 IST" finished-at="2020-06-11T06:33:51 IST">
          <reporter-output>
          </reporter-output>
        </test-method> <!-- setUp -->
        <test-method status="PASS" signature="postUser()[pri:0, instance:com.api.tests.ReqresApi_POST@2833cc44]" name="postUser" duration-ms="3214" started-at="2020-06-11T06:33:51 IST" finished-at="2020-06-11T06:33:54 IST">
          <reporter-output>
          </reporter-output>
        </test-method> <!-- postUser -->
        <test-method status="PASS" signature="registerSucces()[pri:0, instance:com.api.tests.ReqresApi_POST@2833cc44]" name="registerSucces" duration-ms="523" started-at="2020-06-11T06:33:54 IST" finished-at="2020-06-11T06:33:55 IST">
          <reporter-output>
          </reporter-output>
        </test-method> <!-- registerSucces -->
      </class> <!-- com.api.tests.ReqresApi_POST -->
    </test> <!-- Default test -->
  </suite> <!-- Default suite -->
</testng-results>
