<?xml version="1.0" encoding="UTF-8"?>
<!-- Generated by org.testng.reporters.JUnitXMLReporter -->
<testsuite hostname="DESKTOP-857J0S0" ignored="0" name="Default test" tests="5" failures="0" timestamp="2020-05-16T10:16:59 IST" time="8.759" errors="0">
  <testcase name="create_employee" time="3.357" classname="com.api.dataDriven.TC_002POSTCreateEmployeeXL"/>
  <testcase name="create_employee" time="0.92" classname="com.api.dataDriven.TC_002POSTCreateEmployeeXL"/>
  <testcase name="create_employee" time="1.128" classname="com.api.dataDriven.TC_002POSTCreateEmployeeXL"/>
  <testcase name="create_employee" time="0.944" classname="com.api.dataDriven.TC_002POSTCreateEmployeeXL"/>
  <testcase name="create_employee" time="0.917" classname="com.api.dataDriven.TC_002POSTCreateEmployeeXL"/>
</testsuite> <!-- Default test -->
