<?xml version="1.0" encoding="UTF-8"?>
<testng-results skipped="0" failed="0" ignored="0" total="1" passed="1">
  <reporter-output>
  </reporter-output>
  <suite name="internetBanking" duration-ms="24831" started-at="2020-05-14T13:06:54 IST" finished-at="2020-05-14T13:07:18 IST">
    <groups>
    </groups>
    <test name="Banking App Test" duration-ms="24831" started-at="2020-05-14T13:06:54 IST" finished-at="2020-05-14T13:07:18 IST">
      <class name="com.inetBanking.testcase.TC_001_LoginTest">
        <test-method status="PASS" signature="setUp(java.lang.String)[pri:0, instance:com.inetBanking.testcase.TC_001_LoginTest@42d80b78]" name="setUp" is-config="true" duration-ms="20719" started-at="2020-05-14T13:06:54 IST" finished-at="2020-05-14T13:07:15 IST">
          <params>
            <param index="0">
              <value>
                <![CDATA[edge]]>
              </value>
            </param>
          </params>
          <reporter-output>
          </reporter-output>
        </test-method> <!-- setUp -->
        <test-method status="PASS" signature="login()[pri:0, instance:com.inetBanking.testcase.TC_001_LoginTest@42d80b78]" name="login" duration-ms="2552" started-at="2020-05-14T13:07:15 IST" finished-at="2020-05-14T13:07:17 IST">
          <reporter-output>
          </reporter-output>
        </test-method> <!-- login -->
        <test-method status="PASS" signature="tearDown()[pri:0, instance:com.inetBanking.testcase.TC_001_LoginTest@42d80b78]" name="tearDown" is-config="true" duration-ms="1289" started-at="2020-05-14T13:07:17 IST" finished-at="2020-05-14T13:07:18 IST">
          <reporter-output>
          </reporter-output>
        </test-method> <!-- tearDown -->
      </class> <!-- com.inetBanking.testcase.TC_001_LoginTest -->
    </test> <!-- Banking App Test -->
  </suite> <!-- internetBanking -->
</testng-results>
