<?xml version="1.0" encoding="UTF-8"?>
<testng-results skipped="0" failed="0" ignored="0" total="1" passed="1">
  <reporter-output>
  </reporter-output>
  <suite name="Default suite" duration-ms="3864" started-at="2020-05-21T20:34:29 IST" finished-at="2020-05-21T20:34:33 IST">
    <groups>
    </groups>
    <test name="Default test" duration-ms="3864" started-at="2020-05-21T20:34:29 IST" finished-at="2020-05-21T20:34:33 IST">
      <class name="com.api.repeek.GET_All_Empdata">
        <test-method status="PASS" signature="getSingleUser()[pri:0, instance:com.api.repeek.GET_All_Empdata@71bbf57e]" name="getSingleUser" duration-ms="3808" started-at="2020-05-21T20:34:29 IST" finished-at="2020-05-21T20:34:33 IST">
          <reporter-output>
          </reporter-output>
        </test-method> <!-- getSingleUser -->
      </class> <!-- com.api.repeek.GET_All_Empdata -->
    </test> <!-- Default test -->
  </suite> <!-- Default suite -->
</testng-results>
