<?xml version="1.0" encoding="UTF-8"?>
<!-- Generated by org.testng.reporters.JUnitXMLReporter -->
<testsuite hostname="DESKTOP-857J0S0" ignored="0" name="Banking App Test" tests="1" failures="0" timestamp="2020-05-15T14:01:53 IST" time="22.828" errors="0">
  <testcase name="@BeforeClass setUp" time="22.094" classname="com.inetBanking.testcase.BaseTest">
    <failure type="org.openqa.selenium.SessionNotCreatedException" message="session not created
from disconnected: received Inspector.detached event
  (Session info: MicrosoftEdge=81.0.416.72)
Build info: version: &amp;apos;3.141.59&amp;apos;, revision: &amp;apos;e82be7d358&amp;apos;, time: &amp;apos;2018-11-14T08:17:03&amp;apos;
System info: host: &amp;apos;DESKTOP-857J0S0&amp;apos;, ip: &amp;apos;192.168.56.1&amp;apos;, os.name: &amp;apos;Windows 10&amp;apos;, os.arch: &amp;apos;amd64&amp;apos;, os.version: &amp;apos;10.0&amp;apos;, java.version: &amp;apos;1.8.0_241&amp;apos;
Driver info: driver.version: EdgeDriver
remote stacktrace: Backtrace:
	Ordinal0 [0x00392683+2762371]
	Ordinal0 [0x001D6941+944449]
	Ordinal0 [0x001CF01C+913436]
	Ordinal0 [0x001CEBC1+912321]
	Ordinal0 [0x001CDCE6+908518]
	Ordinal0 [0x001CE1D5+909781]
	Ordinal0 [0x001D56D8+939736]
	Ordinal0 [0x001CD8D1+907473]
	Ordinal0 [0x001CE638+910904]
	Ordinal0 [0x001CDCE6+908518]
	Ordinal0 [0x001CE1D5+909781]
	Ordinal0 [0x001D3EE7+933607]
	Ordinal0 [0x001CD8D1+907473]
	Ordinal0 [0x001CE638+910904]
	Ordinal0 [0x001CDCE6+908518]
	Ordinal0 [0x001CE1D5+909781]
	Ordinal0 [0x001D2584+927108]
	Ordinal0 [0x001CD8D1+907473]
	Ordinal0 [0x001CE638+910904]
	Ordinal0 [0x001CDCE6+908518]
	Ordinal0 [0x001CE1D5+909781]
	Ordinal0 [0x001D1C5B+924763]
	Ordinal0 [0x001CD8D1+907473]
	Ordinal0 [0x001CE638+910904]
	Ordinal0 [0x001CDCE6+908518]
	Ordinal0 [0x001CE1D5+909781]
	Ordinal0 [0x001CA242+893506]
	Ordinal0 [0x001CD8D1+907473]
	Ordinal0 [0x001CD82A+907306]
	Ordinal0 [0x0017F0CD+585933]
	Ordinal0 [0x0017DF5D+581469]
	Ordinal0 [0x0017C3BB+574395]
	Ordinal0 [0x00163690+472720]
	Ordinal0 [0x0016440A+476170]
	Ordinal0 [0x001643A7+476071]
	Ordinal0 [0x002F58F8+2119928]
	GetHandleVerifier [0x004383E8+556264]
	GetHandleVerifier [0x0043810D+555533]
	GetHandleVerifier [0x00448BD7+623831]
	GetHandleVerifier [0x00438DE3+558819]
	Ordinal0 [0x002EE6A9+2090665]
	Ordinal0 [0x002F715B+2126171]
	Ordinal0 [0x002F72D1+2126545]
	Ordinal0 [0x0030C3A0+2212768]
	BaseThreadInitThunk [0x76536359+25]
	RtlGetAppContainerNamedObjectPath [0x776A7C24+228]
	RtlGetAppContainerNamedObjectPath [0x776A7BF4+180]
	(No symbol) [0x00000000]
">
      <![CDATA[org.openqa.selenium.SessionNotCreatedException: session not created
from disconnected: received Inspector.detached event
  (Session info: MicrosoftEdge=81.0.416.72)
Build info: version: '3.141.59', revision: 'e82be7d358', time: '2018-11-14T08:17:03'
System info: host: 'DESKTOP-857J0S0', ip: '192.168.56.1', os.name: 'Windows 10', os.arch: 'amd64', os.version: '10.0', java.version: '1.8.0_241'
Driver info: driver.version: EdgeDriver
remote stacktrace: Backtrace:
Ordinal0 [0x00392683+2762371]
Ordinal0 [0x001D6941+944449]
Ordinal0 [0x001CF01C+913436]
Ordinal0 [0x001CEBC1+912321]
Ordinal0 [0x001CDCE6+908518]
Ordinal0 [0x001CE1D5+909781]
Ordinal0 [0x001D56D8+939736]
Ordinal0 [0x001CD8D1+907473]
Ordinal0 [0x001CE638+910904]
Ordinal0 [0x001CDCE6+908518]
Ordinal0 [0x001CE1D5+909781]
Ordinal0 [0x001D3EE7+933607]
Ordinal0 [0x001CD8D1+907473]
Ordinal0 [0x001CE638+910904]
Ordinal0 [0x001CDCE6+908518]
Ordinal0 [0x001CE1D5+909781]
Ordinal0 [0x001D2584+927108]
Ordinal0 [0x001CD8D1+907473]
Ordinal0 [0x001CE638+910904]
Ordinal0 [0x001CDCE6+908518]
Ordinal0 [0x001CE1D5+909781]
Ordinal0 [0x001D1C5B+924763]
Ordinal0 [0x001CD8D1+907473]
Ordinal0 [0x001CE638+910904]
Ordinal0 [0x001CDCE6+908518]
Ordinal0 [0x001CE1D5+909781]
Ordinal0 [0x001CA242+893506]
Ordinal0 [0x001CD8D1+907473]
Ordinal0 [0x001CD82A+907306]
Ordinal0 [0x0017F0CD+585933]
Ordinal0 [0x0017DF5D+581469]
Ordinal0 [0x0017C3BB+574395]
Ordinal0 [0x00163690+472720]
Ordinal0 [0x0016440A+476170]
Ordinal0 [0x001643A7+476071]
Ordinal0 [0x002F58F8+2119928]
GetHandleVerifier [0x004383E8+556264]
GetHandleVerifier [0x0043810D+555533]
GetHandleVerifier [0x00448BD7+623831]
GetHandleVerifier [0x00438DE3+558819]
Ordinal0 [0x002EE6A9+2090665]
Ordinal0 [0x002F715B+2126171]
Ordinal0 [0x002F72D1+2126545]
Ordinal0 [0x0030C3A0+2212768]
BaseThreadInitThunk [0x76536359+25]
RtlGetAppContainerNamedObjectPath [0x776A7C24+228]
RtlGetAppContainerNamedObjectPath [0x776A7BF4+180]
(No symbol) [0x00000000]

at org.openqa.selenium.remote.W3CHandshakeResponse.lambda$errorHandler$0(W3CHandshakeResponse.java:62)
at org.openqa.selenium.remote.HandshakeResponse.lambda$getResponseFunction$0(HandshakeResponse.java:30)
at org.openqa.selenium.remote.ProtocolHandshake.lambda$createSession$0(ProtocolHandshake.java:126)
at java.util.stream.ReferencePipeline$3$1.accept(ReferencePipeline.java:193)
at java.util.Spliterators$ArraySpliterator.tryAdvance(Spliterators.java:958)
at java.util.stream.ReferencePipeline.forEachWithCancel(ReferencePipeline.java:126)
at java.util.stream.AbstractPipeline.copyIntoWithCancel(AbstractPipeline.java:499)
at java.util.stream.AbstractPipeline.copyInto(AbstractPipeline.java:486)
at java.util.stream.AbstractPipeline.wrapAndCopyInto(AbstractPipeline.java:472)
at java.util.stream.FindOps$FindOp.evaluateSequential(FindOps.java:152)
at java.util.stream.AbstractPipeline.evaluate(AbstractPipeline.java:234)
at java.util.stream.ReferencePipeline.findFirst(ReferencePipeline.java:464)
at org.openqa.selenium.remote.ProtocolHandshake.createSession(ProtocolHandshake.java:128)
at org.openqa.selenium.remote.ProtocolHandshake.createSession(ProtocolHandshake.java:74)
at org.openqa.selenium.remote.HttpCommandExecutor.execute(HttpCommandExecutor.java:136)
at org.openqa.selenium.remote.service.DriverCommandExecutor.execute(DriverCommandExecutor.java:83)
at org.openqa.selenium.remote.RemoteWebDriver.execute(RemoteWebDriver.java:552)
at org.openqa.selenium.remote.RemoteWebDriver.startSession(RemoteWebDriver.java:213)
at org.openqa.selenium.remote.RemoteWebDriver.<init>(RemoteWebDriver.java:131)
at org.openqa.selenium.edge.EdgeDriver.<init>(EdgeDriver.java:141)
at org.openqa.selenium.edge.EdgeDriver.<init>(EdgeDriver.java:96)
at com.inetBanking.testcase.BaseTest.setUp(BaseTest.java:43)
at java.util.ArrayList.forEach(ArrayList.java:1257)
... Removed 29 stack frames]]>
    </failure>
  </testcase> <!-- @BeforeClass setUp -->
  <testcase name="@AfterClass tearDown" time="-1.589531513018E9" classname="com.inetBanking.testcase.BaseTest">
    <skipped/>
  </testcase> <!-- @AfterClass tearDown -->
  <testcase name="login" time="0.0" classname="com.inetBanking.testcase.TC_001_LoginTest">
    <skipped/>
  </testcase> <!-- login -->
</testsuite> <!-- Banking App Test -->
