<?xml version="1.0" encoding="UTF-8"?>
<testng-results skipped="0" failed="0" ignored="0" total="5" passed="5">
  <reporter-output>
  </reporter-output>
  <suite name="Default suite" duration-ms="8759" started-at="2020-05-16T10:16:51 IST" finished-at="2020-05-16T10:16:59 IST">
    <groups>
    </groups>
    <test name="Default test" duration-ms="8759" started-at="2020-05-16T10:16:51 IST" finished-at="2020-05-16T10:16:59 IST">
      <class name="com.api.dataDriven.TC_002POSTCreateEmployeeXL">
        <test-method status="PASS" signature="create_employee(java.lang.String, java.lang.String, java.lang.String)[pri:0, instance:com.api.dataDriven.TC_002POSTCreateEmployeeXL@614ddd49]" name="create_employee" duration-ms="3357" started-at="2020-05-16T10:16:52 IST" data-provider="empdata" finished-at="2020-05-16T10:16:56 IST">
          <params>
            <param index="0">
              <value>
                <![CDATA[rohit]]>
              </value>
            </param>
            <param index="1">
              <value>
                <![CDATA[50000]]>
              </value>
            </param>
            <param index="2">
              <value>
                <![CDATA[31]]>
              </value>
            </param>
          </params>
          <reporter-output>
          </reporter-output>
        </test-method> <!-- create_employee -->
        <test-method status="PASS" signature="create_employee(java.lang.String, java.lang.String, java.lang.String)[pri:0, instance:com.api.dataDriven.TC_002POSTCreateEmployeeXL@614ddd49]" name="create_employee" duration-ms="920" started-at="2020-05-16T10:16:56 IST" data-provider="empdata" finished-at="2020-05-16T10:16:56 IST">
          <params>
            <param index="0">
              <value>
                <![CDATA[rinku]]>
              </value>
            </param>
            <param index="1">
              <value>
                <![CDATA[60000]]>
              </value>
            </param>
            <param index="2">
              <value>
                <![CDATA[32]]>
              </value>
            </param>
          </params>
          <reporter-output>
          </reporter-output>
        </test-method> <!-- create_employee -->
        <test-method status="PASS" signature="create_employee(java.lang.String, java.lang.String, java.lang.String)[pri:0, instance:com.api.dataDriven.TC_002POSTCreateEmployeeXL@614ddd49]" name="create_employee" duration-ms="1128" started-at="2020-05-16T10:16:56 IST" data-provider="empdata" finished-at="2020-05-16T10:16:58 IST">
          <params>
            <param index="0">
              <value>
                <![CDATA[pinku]]>
              </value>
            </param>
            <param index="1">
              <value>
                <![CDATA[70000]]>
              </value>
            </param>
            <param index="2">
              <value>
                <![CDATA[33]]>
              </value>
            </param>
          </params>
          <reporter-output>
          </reporter-output>
        </test-method> <!-- create_employee -->
        <test-method status="PASS" signature="create_employee(java.lang.String, java.lang.String, java.lang.String)[pri:0, instance:com.api.dataDriven.TC_002POSTCreateEmployeeXL@614ddd49]" name="create_employee" duration-ms="944" started-at="2020-05-16T10:16:58 IST" data-provider="empdata" finished-at="2020-05-16T10:16:59 IST">
          <params>
            <param index="0">
              <value>
                <![CDATA[tinku]]>
              </value>
            </param>
            <param index="1">
              <value>
                <![CDATA[40000]]>
              </value>
            </param>
            <param index="2">
              <value>
                <![CDATA[34]]>
              </value>
            </param>
          </params>
          <reporter-output>
          </reporter-output>
        </test-method> <!-- create_employee -->
        <test-method status="PASS" signature="create_employee(java.lang.String, java.lang.String, java.lang.String)[pri:0, instance:com.api.dataDriven.TC_002POSTCreateEmployeeXL@614ddd49]" name="create_employee" duration-ms="917" started-at="2020-05-16T10:16:59 IST" data-provider="empdata" finished-at="2020-05-16T10:16:59 IST">
          <params>
            <param index="0">
              <value>
                <![CDATA[minku]]>
              </value>
            </param>
            <param index="1">
              <value>
                <![CDATA[55000]]>
              </value>
            </param>
            <param index="2">
              <value>
                <![CDATA[35]]>
              </value>
            </param>
          </params>
          <reporter-output>
          </reporter-output>
        </test-method> <!-- create_employee -->
      </class> <!-- com.api.dataDriven.TC_002POSTCreateEmployeeXL -->
    </test> <!-- Default test -->
  </suite> <!-- Default suite -->
</testng-results>
